{"level":"INFO","timestamp":"2019-03-25 16:15:34.073","file":"config/config.go:71","msg":"Config file changed: config/config.yaml"}
{"level":"INFO","timestamp":"2019-03-25 16:16:02.943","file":"config/config.go:71","msg":"Config file changed: config/config.yaml"}
{"level":"INFO","timestamp":"2019-03-25 16:16:23.608","file":"config/config.go:71","msg":"Config file changed: config/config.yaml"}
{"level":"ERROR","timestamp":"2019-03-26 11:43:18.266","file":"model/model.go:32","msg":"Database connection failed. Database name: ","data":{"error":"Error 1045: Access denied for user ''@'localhost' (using password: NO)"}}
{"level":"ERROR","timestamp":"2019-03-26 11:44:20.161","file":"model/model.go:32","msg":"Database connection failed. Database name: ","data":{"error":"Error 1045: Access denied for user ''@'localhost' (using password: NO)"}}
{"level":"ERROR","timestamp":"2019-03-26 16:10:39.611","file":"model/model.go:32","msg":"Database connection failed. Database name: ","data":{"error":"Error 1045: Access denied for user ''@'localhost' (using password: NO)"}}
{"level":"ERROR","timestamp":"2019-03-26 16:12:54.931","file":"model/model.go:32","msg":"Database connection failed. Database name: ","data":{"error":"Error 1045: Access denied for user ''@'localhost' (using password: NO)"}}
{"level":"ERROR","timestamp":"2019-03-27 11:48:31.482","file":"model/model.go:32","msg":"Database connection failed. Database name: ","data":{"error":"Error 1045: Access denied for user ''@'localhost' (using password: NO)"}}
{"level":"ERROR","timestamp":"2019-03-27 11:48:50.579","file":"model/model.go:32","msg":"Database connection failed. Database name: ","data":{"error":"Error 1045: Access denied for user ''@'localhost' (using password: NO)"}}
{"level":"ERROR","timestamp":"2019-03-27 11:49:09.773","file":"model/model.go:32","msg":"Database connection failed. Database name: ","data":{"error":"Error 1045: Access denied for user ''@'localhost' (using password: NO)"}}
{"level":"ERROR","timestamp":"2019-03-27 11:50:27.075","file":"model/model.go:32","msg":"Database connection failed. Database name: ","data":{"error":"Error 1045: Access denied for user ''@'localhost' (using password: NO)"}}
{"level":"ERROR","timestamp":"2019-03-27 11:50:52.964","file":"model/model.go:32","msg":"Database connection failed. Database name: ","data":{"error":"Error 1045: Access denied for user ''@'localhost' (using password: NO)"}}
{"level":"ERROR","timestamp":"2019-03-27 11:51:17.088","file":"model/model.go:32","msg":"Database connection failed. Database name: ","data":{"error":"Error 1045: Access denied for user ''@'localhost' (using password: NO)"}}
{"level":"ERROR","timestamp":"2019-03-27 11:52:06.544","file":"model/model.go:32","msg":"Database connection failed. Database name: ","data":{"error":"Error 1045: Access denied for user ''@'localhost' (using password: NO)"}}
{"level":"ERROR","timestamp":"2019-03-27 12:01:16.280","file":"model/model.go:32","msg":"Database connection failed. Database name: ","data":{"error":"Error 1045: Access denied for user ''@'localhost' (using password: NO)"}}
{"level":"ERROR","timestamp":"2019-03-27 13:29:21.107","file":"model/model.go:32","msg":"Database connection failed. Database name: ","data":{"error":"Error 1045: Access denied for user ''@'localhost' (using password: NO)"}}
{"level":"ERROR","timestamp":"2019-03-27 13:29:30.489","file":"model/model.go:32","msg":"Database connection failed. Database name: ","data":{"error":"Error 1045: Access denied for user ''@'localhost' (using password: NO)"}}
{"level":"ERROR","timestamp":"2019-03-27 13:48:55.937","file":"model/model.go:32","msg":"Database connection failed. Database name: ","data":{"error":"Error 1045: Access denied for user ''@'localhost' (using password: NO)"}}
{"level":"DEBUG","timestamp":"2019-03-27 14:01:43.027","file":"user/create.go:26","msg":"username is: [], password is []"}
{"level":"ERROR","timestamp":"2019-03-27 14:01:43.027","file":"user/create.go:29","msg":"Get an error","data":{"error":"Err - code: 20102, message: The user was not found. This is add message., error: username can not found in db: xx.xx.xx.xx"}}
{"level":"DEBUG","timestamp":"2019-03-27 14:01:43.027","file":"user/create.go:33","msg":"err type is ErrUserNotFound"}
{"level":"DEBUG","timestamp":"2019-03-27 14:01:59.310","file":"user/create.go:26","msg":"username is: [], password is []"}
{"level":"ERROR","timestamp":"2019-03-27 14:01:59.311","file":"user/create.go:29","msg":"Get an error","data":{"error":"Err - code: 20102, message: The user was not found. This is add message., error: username can not found in db: xx.xx.xx.xx"}}
{"level":"DEBUG","timestamp":"2019-03-27 14:01:59.311","file":"user/create.go:33","msg":"err type is ErrUserNotFound"}
{"level":"DEBUG","timestamp":"2019-03-27 14:02:25.989","file":"user/create.go:26","msg":"username is: [], password is []"}
{"level":"ERROR","timestamp":"2019-03-27 14:02:25.989","file":"user/create.go:29","msg":"Get an error","data":{"error":"Err - code: 20102, message: The user was not found. This is add message., error: username can not found in db: xx.xx.xx.xx"}}
{"level":"DEBUG","timestamp":"2019-03-27 14:02:25.989","file":"user/create.go:33","msg":"err type is ErrUserNotFound"}
{"level":"DEBUG","timestamp":"2019-03-27 14:03:58.089","file":"user/create.go:26","msg":"username is: [], password is [alec]"}
{"level":"ERROR","timestamp":"2019-03-27 14:03:58.089","file":"user/create.go:29","msg":"Get an error","data":{"error":"Err - code: 20102, message: The user was not found. This is add message., error: username can not found in db: xx.xx.xx.xx"}}
{"level":"DEBUG","timestamp":"2019-03-27 14:03:58.089","file":"user/create.go:33","msg":"err type is ErrUserNotFound"}
{"level":"DEBUG","timestamp":"2019-03-27 14:14:24.597","file":"user/create.go:26","msg":"username is: [], password is [alec]"}
{"level":"ERROR","timestamp":"2019-03-27 14:14:24.597","file":"user/create.go:29","msg":"Get an error","data":{"error":"Err - code: 20102, message: The user was not found. This is add message., error: username can not found in db: xx.xx.xx.xx"}}
{"level":"DEBUG","timestamp":"2019-03-27 14:14:24.597","file":"user/create.go:33","msg":"err type is ErrUserNotFound"}
{"level":"ERROR","timestamp":"2019-03-27 14:18:38.232","file":"model/model.go:32","msg":"Database connection failed. Database name: ","data":{"error":"Error 1045: Access denied for user ''@'localhost' (using password: NO)"}}
{"level":"DEBUG","timestamp":"2019-03-27 14:18:50.481","file":"user/create.go:26","msg":"username is: [], password is [alec]"}
{"level":"ERROR","timestamp":"2019-03-27 14:18:50.481","file":"user/create.go:29","msg":"Get an error","data":{"error":"Err - code: 20102, message: The user was not found. This is add message., error: username can not found in db: xx.xx.xx.xx"}}
{"level":"DEBUG","timestamp":"2019-03-27 14:18:50.481","file":"user/create.go:33","msg":"err type is ErrUserNotFound"}
{"level":"DEBUG","timestamp":"2019-03-27 14:18:58.820","file":"user/create.go:26","msg":"username is: [], password is [alec]"}
{"level":"ERROR","timestamp":"2019-03-27 14:18:58.820","file":"user/create.go:29","msg":"Get an error","data":{"error":"Err - code: 20102, message: The user was not found. This is add message., error: username can not found in db: xx.xx.xx.xx"}}
{"level":"DEBUG","timestamp":"2019-03-27 14:18:58.820","file":"user/create.go:33","msg":"err type is ErrUserNotFound"}
{"level":"DEBUG","timestamp":"2019-03-27 14:18:59.810","file":"user/create.go:26","msg":"username is: [], password is [alec]"}
{"level":"ERROR","timestamp":"2019-03-27 14:18:59.810","file":"user/create.go:29","msg":"Get an error","data":{"error":"Err - code: 20102, message: The user was not found. This is add message., error: username can not found in db: xx.xx.xx.xx"}}
{"level":"DEBUG","timestamp":"2019-03-27 14:18:59.810","file":"user/create.go:33","msg":"err type is ErrUserNotFound"}
{"level":"DEBUG","timestamp":"2019-03-27 14:19:51.450","file":"user/create.go:26","msg":"username is: [], password is []"}
{"level":"ERROR","timestamp":"2019-03-27 14:19:51.450","file":"user/create.go:29","msg":"Get an error","data":{"error":"Err - code: 20102, message: The user was not found. This is add message., error: username can not found in db: xx.xx.xx.xx"}}
{"level":"DEBUG","timestamp":"2019-03-27 14:19:51.450","file":"user/create.go:33","msg":"err type is ErrUserNotFound"}
{"level":"ERROR","timestamp":"2019-03-27 17:29:46.221","file":"model/model.go:32","msg":"Database connection failed. Database name: ","data":{"error":"Error 1045: Access denied for user ''@'localhost' (using password: NO)"}}
{"level":"ERROR","timestamp":"2019-03-28 11:54:49.685","file":"model/model.go:32","msg":"Database connection failed. Database name: db_apiserver","data":{"error":"dial tcp 127.0.0.1:3306: connect: connection refused"}}
{"level":"ERROR","timestamp":"2019-03-28 11:54:49.685","file":"model/model.go:32","msg":"Database connection failed. Database name: ","data":{"error":"dial tcp 127.0.0.1:3306: connect: connection refused"}}
{"level":"DEBUG","timestamp":"2019-03-28 11:59:20.619","file":"user/create.go:26","msg":"username is: [], password is []"}
{"level":"ERROR","timestamp":"2019-03-28 11:59:20.620","file":"user/create.go:29","msg":"Get an error","data":{"error":"Err - code: 20102, message: The user was not found. This is add message., error: username can not found in db: xx.xx.xx.xx"}}
{"level":"DEBUG","timestamp":"2019-03-28 11:59:20.620","file":"user/create.go:33","msg":"err type is ErrUserNotFound"}
{"level":"DEBUG","timestamp":"2019-03-28 11:59:43.033","file":"user/create.go:26","msg":"username is: [], password is []"}
{"level":"ERROR","timestamp":"2019-03-28 11:59:43.033","file":"user/create.go:29","msg":"Get an error","data":{"error":"Err - code: 20102, message: The user was not found. This is add message., error: username can not found in db: xx.xx.xx.xx"}}
{"level":"DEBUG","timestamp":"2019-03-28 11:59:43.033","file":"user/create.go:33","msg":"err type is ErrUserNotFound"}
{"level":"ERROR","timestamp":"2019-03-28 14:57:28.960","file":"model/model.go:32","msg":"Database connection failed. Database name: ","data":{"error":"Error 1045: Access denied for user ''@'localhost' (using password: NO)"}}
{"level":"DEBUG","timestamp":"2019-03-28 14:57:32.910","file":"user/create.go:26","msg":"username is: [], password is []"}
{"level":"ERROR","timestamp":"2019-03-28 15:16:14.877","file":"user/create.go:29","msg":"Get an error","data":{"error":"Err - code: 20102, message: The user was not found. This is add message., error: username can not found in db: xx.xx.xx.xx"}}
{"level":"DEBUG","timestamp":"2019-03-28 15:16:14.886","file":"user/create.go:33","msg":"err type is ErrUserNotFound"}
{"level":"DEBUG","timestamp":"2019-03-28 15:26:44.098","file":"user/create.go:26","msg":"username is: [], password is []"}
{"level":"ERROR","timestamp":"2019-03-28 15:32:13.813","file":"model/model.go:32","msg":"Database connection failed. Database name: ","data":{"error":"Error 1045: Access denied for user ''@'localhost' (using password: NO)"}}
{"level":"DEBUG","timestamp":"2019-03-28 15:41:31.167","file":"user/create.go:26","msg":"username is: [], password is []"}
{"level":"ERROR","timestamp":"2019-03-28 15:43:12.635","file":"model/model.go:32","msg":"Database connection failed. Database name: ","data":{"error":"Error 1045: Access denied for user ''@'localhost' (using password: NO)"}}
{"level":"DEBUG","timestamp":"2019-03-28 15:43:15.603","file":"user/create.go:27","msg":"username is: [], password is []"}
{"level":"ERROR","timestamp":"2019-03-28 15:44:01.038","file":"model/model.go:32","msg":"Database connection failed. Database name: ","data":{"error":"Error 1045: Access denied for user ''@'localhost' (using password: NO)"}}
{"level":"DEBUG","timestamp":"2019-03-28 15:44:09.090","file":"user/create.go:27","msg":"username is: [], password is []"}
{"level":"ERROR","timestamp":"2019-03-28 16:50:08.532","file":"model/model.go:32","msg":"Database connection failed. Database name: ","data":{"error":"Error 1045: Access denied for user ''@'localhost' (using password: NO)"}}
{"level":"DEBUG","timestamp":"2019-03-28 16:50:11.986","file":"user/create.go:27","msg":"username is: [], password is []"}
{"level":"ERROR","timestamp":"2019-03-28 16:58:03.453","file":"user/create.go:30","msg":"Get an error","data":{"error":"Err - code: 20102, message: The user was not found. This is add message., error: username can not found in db: xx.xx.xx.xx"}}
{"level":"DEBUG","timestamp":"2019-03-28 16:58:03.453","file":"user/create.go:34","msg":"err type is ErrUserNotFound"}
{"level":"ERROR","timestamp":"2019-03-29 10:45:43.046","file":"model/model.go:32","msg":"Database connection failed. Database name: ","data":{"error":"Error 1045: Access denied for user ''@'localhost' (using password: NO)"}}
{"level":"DEBUG","timestamp":"2019-03-29 10:45:56.294","file":"user/create.go:27","msg":"username is: [admin], password is [admin]"}
{"level":"DEBUG","timestamp":"2019-03-29 10:46:34.977","file":"user/create.go:27","msg":"username is: [], password is []"}
{"level":"ERROR","timestamp":"2019-03-29 10:46:34.977","file":"user/create.go:30","msg":"Get an error","data":{"error":"Err - code: 20102, message: The user was not found. This is add message., error: username can not found in db: xx.xx.xx.xx"}}
{"level":"DEBUG","timestamp":"2019-03-29 10:46:34.977","file":"user/create.go:34","msg":"err type is ErrUserNotFound"}
{"level":"DEBUG","timestamp":"2019-03-29 10:46:43.906","file":"user/create.go:27","msg":"username is: [], password is []"}
{"level":"ERROR","timestamp":"2019-03-29 10:46:43.906","file":"user/create.go:30","msg":"Get an error","data":{"error":"Err - code: 20102, message: The user was not found. This is add message., error: username can not found in db: xx.xx.xx.xx"}}
{"level":"DEBUG","timestamp":"2019-03-29 10:46:43.906","file":"user/create.go:34","msg":"err type is ErrUserNotFound"}
{"level":"DEBUG","timestamp":"2019-03-29 10:46:52.939","file":"user/create.go:27","msg":"username is: [], password is []"}
{"level":"ERROR","timestamp":"2019-03-29 10:46:52.939","file":"user/create.go:30","msg":"Get an error","data":{"error":"Err - code: 20102, message: The user was not found. This is add message., error: username can not found in db: xx.xx.xx.xx"}}
{"level":"DEBUG","timestamp":"2019-03-29 10:46:52.939","file":"user/create.go:34","msg":"err type is ErrUserNotFound"}
{"level":"DEBUG","timestamp":"2019-03-29 10:47:09.908","file":"user/create.go:27","msg":"username is: [alec], password is [alecpwd]"}
{"level":"DEBUG","timestamp":"2019-03-29 10:55:58.800","file":"user/create.go:27","msg":"username is: [], password is []"}
{"level":"ERROR","timestamp":"2019-03-29 10:55:58.801","file":"user/create.go:30","msg":"Get an error","data":{"error":"Err - code: 20102, message: The user was not found. This is add message., error: username can not found in db: xx.xx.xx.xx"}}
{"level":"DEBUG","timestamp":"2019-03-29 10:55:58.801","file":"user/create.go:34","msg":"err type is ErrUserNotFound"}
{"level":"DEBUG","timestamp":"2019-03-29 10:56:05.796","file":"user/create.go:27","msg":"username is: [], password is []"}
{"level":"ERROR","timestamp":"2019-03-29 10:56:05.796","file":"user/create.go:30","msg":"Get an error","data":{"error":"Err - code: 20102, message: The user was not found. This is add message., error: username can not found in db: xx.xx.xx.xx"}}
{"level":"DEBUG","timestamp":"2019-03-29 10:56:05.796","file":"user/create.go:34","msg":"err type is ErrUserNotFound"}
{"level":"DEBUG","timestamp":"2019-03-29 10:56:37.839","file":"user/create.go:27","msg":"username is: [alec], password is [alecpwd]"}
{"level":"DEBUG","timestamp":"2019-03-29 11:10:35.703","file":"user/create.go:27","msg":"username is: [alec], password is [alecpwd]"}
{"level":"DEBUG","timestamp":"2019-03-29 11:10:38.318","file":"user/create.go:27","msg":"username is: [alec], password is [alecpwd]"}
